#
# There is insufficient memory for the Java Runtime Environment to continue.
# Native memory allocation (malloc) failed to allocate 1759648 bytes for Chunk::new
# Possible reasons:
#   The system is out of physical RAM or swap space
#   The process is running with CompressedOops enabled, and the Java Heap may be blocking the growth of the native heap
# Possible solutions:
#   Reduce memory load on the system
#   Increase physical memory or swap space
#   Check if swap backing store is full
#   Decrease Java heap size (-Xmx/-Xms)
#   Decrease number of Java threads
#   Decrease Java thread stack sizes (-Xss)
#   Set larger code cache with -XX:ReservedCodeCacheSize=
#   JVM is running with Unscaled Compressed Oops mode in which the Java heap is
#     placed in the first 4GB address space. The Java Heap base address is the
#     maximum limit for the native heap growth. Please use -XX:HeapBaseMinAddress
#     to set the Java Heap base and to place the Java Heap above 4GB virtual address.
# This output file may be truncated or incomplete.
#
#  Out of Memory Error (allocation.cpp:389), pid=9764, tid=0x00000000000010ac
#
# JRE version: OpenJDK Runtime Environment (8.0_202-b03) (build 1.8.0_202-release-1483-b03)
# Java VM: OpenJDK 64-Bit Server VM (25.202-b03 mixed mode windows-amd64 compressed oops)
# Failed to write core dump. Minidumps are not enabled by default on client versions of Windows
#

---------------  T H R E A D  ---------------

Current thread (0x0000000015ecc000):  JavaThread "C2 CompilerThread0" daemon [_thread_in_native, id=4268, stack(0x0000000017520000,0x0000000017620000)]

Stack: [0x0000000017520000,0x0000000017620000]
[error occurred during error reporting (printing stack bounds), id 0xc0000005]

Native frames: (J=compiled Java code, j=interpreted, Vv=VM code, C=native code)


Current CompileTask:
C2:5259472 28255       4       org.gradle.api.internal.artifacts.ivyservice.modulecache.ModuleMetadataSerializer$Reader::readMavenDependencies (39 bytes)


---------------  P R O C E S S  ---------------

Java Threads: ( => current thread )
  0x00000000181ef000 JavaThread "Cache worker for file content cache (C:\Users\User\Desktop\Projetos Udemy\PrototipoA\.gradle\5.4.1\fileContent)" [_thread_blocked, id=10836, stack(0x00000000232b0000,0x00000000233b0000)]
  0x00000000181ec000 JavaThread "Cache worker for Build Output Cleanup Cache (C:\Users\User\Desktop\Projetos Udemy\PrototipoA\.gradle\buildOutputCleanup)" [_thread_blocked, id=3988, stack(0x0000000020250000,0x0000000020350000)]
  0x00000000181f0000 JavaThread "Build operations Thread 4" [_thread_blocked, id=5292, stack(0x0000000022720000,0x0000000022820000)]
  0x00000000181e7800 JavaThread "Build operations Thread 3" [_thread_blocked, id=10812, stack(0x0000000021a20000,0x0000000021b20000)]
  0x00000000181e7000 JavaThread "Build operations Thread 2" [_thread_blocked, id=8016, stack(0x0000000020490000,0x0000000020590000)]
  0x00000000181e8800 JavaThread "Build operations" [_thread_blocked, id=3924, stack(0x0000000020390000,0x0000000020490000)]
  0x000000001b204800 JavaThread "Cache worker for cache directory md-rule (C:\Users\User\.gradle\caches\5.4.1\md-rule)" [_thread_blocked, id=10352, stack(0x000000001fc50000,0x000000001fd50000)]
  0x000000001b201800 JavaThread "Cache worker for cache directory md-supplier (C:\Users\User\.gradle\caches\5.4.1\md-supplier)" [_thread_blocked, id=392, stack(0x000000001d130000,0x000000001d230000)]
  0x000000001b200000 JavaThread "Cache worker for file hash cache (C:\Users\User\Desktop\Projetos Udemy\PrototipoA\.gradle\5.4.1\fileHashes)" [_thread_blocked, id=8756, stack(0x000000001d030000,0x000000001d130000)]
  0x000000001b1f9800 JavaThread "Thread-418" [_thread_blocked, id=6992, stack(0x000000001a790000,0x000000001a890000)]
  0x000000001b1ff800 JavaThread "Stdin handler" [_thread_blocked, id=10292, stack(0x000000001a490000,0x000000001a590000)]
  0x000000001b1f8000 JavaThread "Asynchronous log dispatcher for DefaultDaemonConnection: socket connection from /127.0.0.1:57217 to /127.0.0.1:57925" [_thread_blocked, id=2600, stack(0x000000001a390000,0x000000001a490000)]
  0x000000001b1fe000 JavaThread "Daemon worker Thread 15" [_thread_in_native, id=7344, stack(0x000000001a090000,0x000000001a190000)]
  0x000000001b1fc800 JavaThread "Cancel handler" [_thread_blocked, id=7892, stack(0x0000000019f90000,0x000000001a090000)]
  0x000000001b1f7000 JavaThread "Handler for socket connection from /127.0.0.1:57217 to /127.0.0.1:57925" [_thread_in_native, id=8440, stack(0x00000000009f0000,0x0000000000af0000)]
  0x000000001b1f5800 JavaThread "Daemon Thread 15" [_thread_blocked, id=7632, stack(0x00000000008f0000,0x00000000009f0000)]
  0x000000001b2a6000 JavaThread "Cache worker for Java compile cache (C:\Users\User\.gradle\caches\5.4.1\javaCompile)" [_thread_blocked, id=8540, stack(0x00000000248b0000,0x00000000249b0000)]
  0x0000000019223800 JavaThread "Cache worker for file content cache (C:\Users\User\.gradle\caches\5.4.1\fileContent)" [_thread_blocked, id=6640, stack(0x0000000023db0000,0x0000000023eb0000)]
  0x000000001b1fe800 JavaThread "Memory manager" [_thread_blocked, id=10732, stack(0x00000000223e0000,0x00000000224e0000)]
  0x000000001b1fa000 JavaThread "Cache worker for execution history cache (C:\Users\User\.gradle\caches\5.4.1\executionHistory)" [_thread_blocked, id=1460, stack(0x000000001ff50000,0x0000000020050000)]
  0x0000000017aa5000 JavaThread "Cache worker for journal cache (C:\Users\User\.gradle\caches\journal-1)" [_thread_blocked, id=2976, stack(0x000000001aa90000,0x000000001ab90000)]
  0x0000000017aa4000 JavaThread "File lock request listener" [_thread_in_native, id=6472, stack(0x000000001a990000,0x000000001aa90000)]
  0x0000000017aa3800 JavaThread "Cache worker for file hash cache (C:\Users\User\.gradle\caches\5.4.1\fileHashes)" [_thread_blocked, id=10144, stack(0x000000001a890000,0x000000001a990000)]
  0x00000000181af800 JavaThread "Daemon periodic checks" [_thread_blocked, id=10452, stack(0x0000000019e90000,0x0000000019f90000)]
  0x00000000181b5800 JavaThread "Incoming local TCP Connector on port 57217" [_thread_in_native, id=8364, stack(0x0000000019c30000,0x0000000019d30000)]
  0x0000000018c81800 JavaThread "Daemon health stats" [_thread_blocked, id=5464, stack(0x00000000195f0000,0x00000000196f0000)]
  0x0000000017852800 JavaThread "Service Thread" daemon [_thread_blocked, id=3020, stack(0x0000000017c20000,0x0000000017d20000)]
  0x0000000015ed6800 JavaThread "C1 CompilerThread2" daemon [_thread_blocked, id=8840, stack(0x0000000017720000,0x0000000017820000)]
  0x0000000015ec1000 JavaThread "C2 CompilerThread1" daemon [_thread_in_native, id=7824, stack(0x0000000017620000,0x0000000017720000)]
=>0x0000000015ecc000 JavaThread "C2 CompilerThread0" daemon [_thread_in_native, id=4268, stack(0x0000000017520000,0x0000000017620000)]
  0x0000000015ec9800 JavaThread "Attach Listener" daemon [_thread_blocked, id=4132, stack(0x0000000017420000,0x0000000017520000)]
  0x0000000015ec8800 JavaThread "Signal Dispatcher" daemon [_thread_blocked, id=8920, stack(0x0000000017320000,0x0000000017420000)]
  0x00000000024ad000 JavaThread "Finalizer" daemon [_thread_blocked, id=5296, stack(0x0000000017110000,0x0000000017210000)]
  0x0000000015ea9000 JavaThread "Reference Handler" daemon [_thread_blocked, id=11508, stack(0x0000000017010000,0x0000000017110000)]
  0x00000000023b2800 JavaThread "main" [_thread_blocked, id=10200, stack(0x0000000002290000,0x0000000002390000)]

Other Threads:
  0x0000000015e86000 VMThread [stack: 0x0000000016f10000,0x0000000017010000] [id=9064]
  0x0000000017853800 WatcherThread [stack: 0x0000000017d20000,0x0000000017e20000] [id=11332]

VM state:not at safepoint (normal execution)

VM Mutex/Monitor currently owned by a thread: None

heap address: 0x00000000a0000000, size: 1536 MB, Compressed Oops mode: 32-bit
Narrow klass base: 0x0000000000000000, Narrow klass shift: 3
Compressed class space size: 1073741824 Address: 0x0000000100000000

Heap:
 PSYoungGen      total 401920K, used 387023K [0x00000000e0000000, 0x0000000100000000, 0x0000000100000000)
  eden space 308224K, 97% used [0x00000000e0000000,0x00000000f241c6b0,0x00000000f2d00000)
  from space 93696K, 93% used [0x00000000fa480000,0x00000000ffa57608,0x0000000100000000)
  to   space 108032K, 0% used [0x00000000f2d00000,0x00000000f2d00000,0x00000000f9680000)
 ParOldGen       total 206336K, used 78276K [0x00000000a0000000, 0x00000000ac980000, 0x00000000e0000000)
  object space 206336K, 37% used [0x00000000a0000000,0x00000000a4c71008,0x00000000ac980000)
 Metaspace       used 102942K, capacity 109814K, committed 109972K, reserved 1144832K
  class space    used 13014K, capacity 14210K, committed 14268K, reserved 1048576K

Card table byte_map: [0x0000000011910000,0x0000000011c20000] byte_map_base: 0x0000000011410000

Marking Bits: (ParMarkBitMap*) 0x000000006dea9f30
 Begin Bits: [0x0000000012220000, 0x0000000013a20000)
 End Bits:   [0x0000000013a20000, 0x0000000015220000)

Polling page: 0x00000000003f0000

CodeCache: size=245760Kb used=76310Kb max_used=77493Kb free=169450Kb
 bounds [0x0000000002550000, 0x00000000071d0000, 0x0000000011550000]
 total_blobs=21653 nmethods=20735 adapters=829
 compilation: enabled

Compilation events (10 events):
Event: 5259.456 Thread 0x0000000015ed6800 28289       3       com.android.build.gradle.internal.core.GradleVariantConfiguration::getSigningConfig (8 bytes)
Event: 5259.456 Thread 0x0000000015ed6800 nmethod 28289 0x0000000004eec390 code [0x0000000004eec500, 0x0000000004eec788]
Event: 5259.456 Thread 0x0000000015ed6800 28290       3       com.android.build.gradle.internal.core.VariantConfiguration::getSigningConfig (52 bytes)
Event: 5259.457 Thread 0x0000000015ed6800 nmethod 28290 0x0000000002ec6b90 code [0x0000000002ec6d40, 0x0000000002ec7378]
Event: 5259.457 Thread 0x0000000015ed6800 28291       3       com.google.wireless.android.sdk.stats.GradleBuildProfileSpan$Builder::getStartTimeInMs (5 bytes)
Event: 5259.458 Thread 0x0000000015ed6800 nmethod 28291 0x00000000069a65d0 code [0x00000000069a6720, 0x00000000069a6870]
Event: 5259.458 Thread 0x0000000015ed6800 28292       3       com.android.build.gradle.internal.profile.ProfilerInitializer$ProfileShutdownListener$$Lambda$218/1448001544::execute (12 bytes)
Event: 5259.459 Thread 0x0000000015ed6800 nmethod 28292 0x0000000002788f90 code [0x0000000002789140, 0x0000000002789768]
Event: 5259.459 Thread 0x0000000015ed6800 28293       3       com.android.build.gradle.internal.profile.ProfilerInitializer$ProfileShutdownListener::lambda$collectProjectInfo$0 (10 bytes)
Event: 5259.459 Thread 0x0000000015ed6800 nmethod 28293 0x000000000513d190 code [0x000000000513d3a0, 0x000000000513de88]

GC Heap History (10 events):
Event: 4778.474 GC heap before
{Heap before GC invocations=55 (full 5):
 PSYoungGen      total 412672K, used 347523K [0x00000000e0000000, 0x00000000fef80000, 0x0000000100000000)
  eden space 315904K, 100% used [0x00000000e0000000,0x00000000f3480000,0x00000000f3480000)
  from space 96768K, 32% used [0x00000000f3480000,0x00000000f5360c58,0x00000000f9300000)
  to   space 91136K, 0% used [0x00000000f9680000,0x00000000f9680000,0x00000000fef80000)
 ParOldGen       total 206336K, used 72667K [0x00000000a0000000, 0x00000000ac980000, 0x00000000e0000000)
  object space 206336K, 35% used [0x00000000a0000000,0x00000000a46f6d88,0x00000000ac980000)
 Metaspace       used 101647K, capacity 108452K, committed 108564K, reserved 1144832K
  class space    used 12921K, capacity 14099K, committed 14140K, reserved 1048576K
Event: 4778.500 GC heap after
Heap after GC invocations=55 (full 5):
 PSYoungGen      total 402944K, used 29534K [0x00000000e0000000, 0x00000000fe380000, 0x0000000100000000)
  eden space 324096K, 0% used [0x00000000e0000000,0x00000000e0000000,0x00000000f3c80000)
  from space 78848K, 37% used [0x00000000f9680000,0x00000000fb3578d8,0x00000000fe380000)
  to   space 85504K, 0% used [0x00000000f3c80000,0x00000000f3c80000,0x00000000f9000000)
 ParOldGen       total 206336K, used 72675K [0x00000000a0000000, 0x00000000ac980000, 0x00000000e0000000)
  object space 206336K, 35% used [0x00000000a0000000,0x00000000a46f8d88,0x00000000ac980000)
 Metaspace       used 101647K, capacity 108452K, committed 108564K, reserved 1144832K
  class space    used 12921K, capacity 14099K, committed 14140K, reserved 1048576K
}
Event: 4847.819 GC heap before
{Heap before GC invocations=56 (full 5):
 PSYoungGen      total 402944K, used 353630K [0x00000000e0000000, 0x00000000fe380000, 0x0000000100000000)
  eden space 324096K, 100% used [0x00000000e0000000,0x00000000f3c80000,0x00000000f3c80000)
  from space 78848K, 37% used [0x00000000f9680000,0x00000000fb3578d8,0x00000000fe380000)
  to   space 85504K, 0% used [0x00000000f3c80000,0x00000000f3c80000,0x00000000f9000000)
 ParOldGen       total 206336K, used 72675K [0x00000000a0000000, 0x00000000ac980000, 0x00000000e0000000)
  object space 206336K, 35% used [0x00000000a0000000,0x00000000a46f8d88,0x00000000ac980000)
 Metaspace       used 101855K, capacity 108618K, committed 108820K, reserved 1144832K
  class space    used 12935K, capacity 14132K, committed 14140K, reserved 1048576K
Event: 4847.837 GC heap after
Heap after GC invocations=56 (full 5):
 PSYoungGen      total 409600K, used 15569K [0x00000000e0000000, 0x00000000fe300000, 0x0000000100000000)
  eden space 324096K, 0% used [0x00000000e0000000,0x00000000e0000000,0x00000000f3c80000)
  from space 85504K, 18% used [0x00000000f3c80000,0x00000000f4bb4710,0x00000000f9000000)
  to   space 81920K, 0% used [0x00000000f9300000,0x00000000f9300000,0x00000000fe300000)
 ParOldGen       total 206336K, used 72683K [0x00000000a0000000, 0x00000000ac980000, 0x00000000e0000000)
  object space 206336K, 35% used [0x00000000a0000000,0x00000000a46fad88,0x00000000ac980000)
 Metaspace       used 101855K, capacity 108618K, committed 108820K, reserved 1144832K
  class space    used 12935K, capacity 14132K, committed 14140K, reserved 1048576K
}
Event: 4859.653 GC heap before
{Heap before GC invocations=57 (full 5):
 PSYoungGen      total 409600K, used 339665K [0x00000000e0000000, 0x00000000fe300000, 0x0000000100000000)
  eden space 324096K, 100% used [0x00000000e0000000,0x00000000f3c80000,0x00000000f3c80000)
  from space 85504K, 18% used [0x00000000f3c80000,0x00000000f4bb4710,0x00000000f9000000)
  to   space 81920K, 0% used [0x00000000f9300000,0x00000000f9300000,0x00000000fe300000)
 ParOldGen       total 206336K, used 72683K [0x00000000a0000000, 0x00000000ac980000, 0x00000000e0000000)
  object space 206336K, 35% used [0x00000000a0000000,0x00000000a46fad88,0x00000000ac980000)
 Metaspace       used 102596K, capacity 109512K, committed 109716K, reserved 1144832K
  class space    used 12989K, capacity 14189K, committed 14268K, reserved 1048576K
Event: 4859.706 GC heap after
Heap after GC invocations=57 (full 5):
 PSYoungGen      total 413184K, used 29926K [0x00000000e0000000, 0x00000000fdf80000, 0x0000000100000000)
  eden space 334848K, 0% used [0x00000000e0000000,0x00000000e0000000,0x00000000f4700000)
  from space 78336K, 38% used [0x00000000f9300000,0x00000000fb0399b0,0x00000000fdf80000)
  to   space 77824K, 0% used [0x00000000f4700000,0x00000000f4700000,0x00000000f9300000)
 ParOldGen       total 206336K, used 72691K [0x00000000a0000000, 0x00000000ac980000, 0x00000000e0000000)
  object space 206336K, 35% used [0x00000000a0000000,0x00000000a46fcd88,0x00000000ac980000)
 Metaspace       used 102596K, capacity 109512K, committed 109716K, reserved 1144832K
  class space    used 12989K, capacity 14189K, committed 14268K, reserved 1048576K
}
Event: 4864.280 GC heap before
{Heap before GC invocations=58 (full 5):
 PSYoungGen      total 413184K, used 364774K [0x00000000e0000000, 0x00000000fdf80000, 0x0000000100000000)
  eden space 334848K, 100% used [0x00000000e0000000,0x00000000f4700000,0x00000000f4700000)
  from space 78336K, 38% used [0x00000000f9300000,0x00000000fb0399b0,0x00000000fdf80000)
  to   space 77824K, 0% used [0x00000000f4700000,0x00000000f4700000,0x00000000f9300000)
 ParOldGen       total 206336K, used 72691K [0x00000000a0000000, 0x00000000ac980000, 0x00000000e0000000)
  object space 206336K, 35% used [0x00000000a0000000,0x00000000a46fcd88,0x00000000ac980000)
 Metaspace       used 102768K, capacity 109698K, committed 109972K, reserved 1144832K
  class space    used 13005K, capacity 14202K, committed 14268K, reserved 1048576K
Event: 4864.433 GC heap after
Heap after GC invocations=58 (full 5):
 PSYoungGen      total 412672K, used 77821K [0x00000000e0000000, 0x0000000100000000, 0x0000000100000000)
  eden space 334848K, 0% used [0x00000000e0000000,0x00000000e0000000,0x00000000f4700000)
  from space 77824K, 99% used [0x00000000f4700000,0x00000000f92ff778,0x00000000f9300000)
  to   space 93696K, 0% used [0x00000000fa480000,0x00000000fa480000,0x0000000100000000)
 ParOldGen       total 206336K, used 78212K [0x00000000a0000000, 0x00000000ac980000, 0x00000000e0000000)
  object space 206336K, 37% used [0x00000000a0000000,0x00000000a4c61008,0x00000000ac980000)
 Metaspace       used 102768K, capacity 109698K, committed 109972K, reserved 1144832K
  class space    used 13005K, capacity 14202K, committed 14268K, reserved 1048576K
}
Event: 4868.993 GC heap before
{Heap before GC invocations=59 (full 5):
 PSYoungGen      total 412672K, used 412669K [0x00000000e0000000, 0x0000000100000000, 0x0000000100000000)
  eden space 334848K, 100% used [0x00000000e0000000,0x00000000f4700000,0x00000000f4700000)
  from space 77824K, 99% used [0x00000000f4700000,0x00000000f92ff778,0x00000000f9300000)
  to   space 93696K, 0% used [0x00000000fa480000,0x00000000fa480000,0x0000000100000000)
 ParOldGen       total 206336K, used 78212K [0x00000000a0000000, 0x00000000ac980000, 0x00000000e0000000)
  object space 206336K, 37% used [0x00000000a0000000,0x00000000a4c61008,0x00000000ac980000)
 Metaspace       used 102846K, capacity 109774K, committed 109972K, reserved 1144832K
  class space    used 13011K, capacity 14204K, committed 14268K, reserved 1048576K
Event: 4869.096 GC heap after
Heap after GC invocations=59 (full 5):
 PSYoungGen      total 401920K, used 87901K [0x00000000e0000000, 0x0000000100000000, 0x0000000100000000)
  eden space 308224K, 0% used [0x00000000e0000000,0x00000000e0000000,0x00000000f2d00000)
  from space 93696K, 93% used [0x00000000fa480000,0x00000000ffa57608,0x0000000100000000)
  to   space 108032K, 0% used [0x00000000f2d00000,0x00000000f2d00000,0x00000000f9680000)
 ParOldGen       total 206336K, used 78276K [0x00000000a0000000, 0x00000000ac980000, 0x00000000e0000000)
  object space 206336K, 37% used [0x00000000a0000000,0x00000000a4c71008,0x00000000ac980000)
 Metaspace       used 102846K, capacity 109774K, committed 109972K, reserved 1144832K
  class space    used 13011K, capacity 14204K, committed 14268K, reserved 1048576K
}

Deoptimization events (10 events):
Event: 4865.081 Thread 0x000000001b2a8000 Uncommon trap: reason=unstable_if action=reinterpret pc=0x0000000002840cf8 method=java.util.HashMap.resize()[Ljava/util/HashMap$Node; @ 206
Event: 4865.440 Thread 0x000000001b2ac000 Uncommon trap: reason=unstable_if action=reinterpret pc=0x0000000003b1e46c method=com.android.tools.r8.dex.e.a(Lcom/android/tools/r8/graph/DexAnnotationSet;)Z @ 10
Event: 4865.708 Thread 0x000000001b2ac000 Uncommon trap: reason=unstable_if action=reinterpret pc=0x000000000532e228 method=java.util.Arrays.equals([Ljava/lang/Object;[Ljava/lang/Object;)Z @ 52
Event: 4865.775 Thread 0x000000001b2ac000 Uncommon trap: reason=unstable_if action=reinterpret pc=0x0000000006649bb0 method=com.android.tools.r8.dex.e.b(Lcom/android/tools/r8/graph/DexAnnotationSet;)I @ 10
Event: 4865.775 Thread 0x000000001b2ac000 Uncommon trap: reason=unstable_if action=reinterpret pc=0x00000000044cde94 method=com.android.tools.r8.dex.e.b(Lcom/android/tools/r8/graph/DexAnnotationSet;)I @ 10
Event: 4865.775 Thread 0x000000001b2ac000 Uncommon trap: reason=unstable_if action=reinterpret pc=0x0000000006640e70 method=com.android.tools.r8.dex.e.b(Lcom/android/tools/r8/graph/DexAnnotationSet;)I @ 10
Event: 4865.775 Thread 0x000000001b2ac000 Uncommon trap: reason=unstable_if action=reinterpret pc=0x00000000061f9dfc method=com.android.tools.r8.dex.e.b(Lcom/android/tools/r8/graph/DexAnnotationSet;)I @ 10
Event: 4865.775 Thread 0x000000001b2ac000 Uncommon trap: reason=unstable_if action=reinterpret pc=0x0000000004e98394 method=com.android.tools.r8.dex.e.b(Lcom/android/tools/r8/graph/DexAnnotationSet;)I @ 10
Event: 4866.809 Thread 0x000000001b2a1800 Uncommon trap: reason=class_check action=maybe_recompile pc=0x0000000007141600 method=com.android.builder.merge.DelegateIncrementalFileMergerInput.getName()Ljava/lang/String; @ 4
Event: 4870.651 Thread 0x000000001b29d800 Uncommon trap: reason=unstable_if action=reinterpret pc=0x00000000069a26e8 method=java.math.MutableBigInteger.mul(ILjava/math/MutableBigInteger;)V @ 12

Classes redefined (0 events):
No events

Internal exceptions (10 events):
Event: 4861.616 Thread 0x000000001b2a0800 Exception <a 'sun/nio/fs/WindowsException'> (0x00000000e7f1ba58) thrown at [D:\src\AOSP-openjdk-cygwin\jdk8u\hotspot\src\share\vm\prims\jni.cpp, line 710]
Event: 4861.620 Thread 0x000000001b2a0800 Exception <a 'sun/nio/fs/WindowsException'> (0x00000000e7f63738) thrown at [D:\src\AOSP-openjdk-cygwin\jdk8u\hotspot\src\share\vm\prims\jni.cpp, line 710]
Event: 4861.661 Thread 0x000000001b2a0800 Exception <a 'sun/nio/fs/WindowsException'> (0x00000000e8033720) thrown at [D:\src\AOSP-openjdk-cygwin\jdk8u\hotspot\src\share\vm\prims\jni.cpp, line 710]
Event: 4861.666 Thread 0x000000001b2a0800 Exception <a 'sun/nio/fs/WindowsException'> (0x00000000e807a850) thrown at [D:\src\AOSP-openjdk-cygwin\jdk8u\hotspot\src\share\vm\prims\jni.cpp, line 710]
Event: 4863.741 Thread 0x000000001b2a8000 Exception <a 'sun/nio/fs/WindowsException'> (0x00000000ed0a6c48) thrown at [D:\src\AOSP-openjdk-cygwin\jdk8u\hotspot\src\share\vm\prims\jni.cpp, line 710]
Event: 4865.868 Thread 0x000000001b2ac000 Exception <a 'sun/nio/fs/WindowsException'> (0x00000000ecc79f78) thrown at [D:\src\AOSP-openjdk-cygwin\jdk8u\hotspot\src\share\vm\prims\jni.cpp, line 710]
Event: 4868.847 Thread 0x000000001b2a0800 Exception <a 'sun/nio/fs/WindowsException'> (0x00000000ee83dc30) thrown at [D:\src\AOSP-openjdk-cygwin\jdk8u\hotspot\src\share\vm\prims\jni.cpp, line 710]
Event: 4870.157 Thread 0x000000001b1ff800 Exception <a 'sun/nio/fs/WindowsException'> (0x00000000eda97d28) thrown at [D:\src\AOSP-openjdk-cygwin\jdk8u\hotspot\src\share\vm\prims\jni.cpp, line 710]
Event: 4870.166 Thread 0x000000001b1f8000 Exception <a 'java/lang/InterruptedException'> (0x00000000e29a6318) thrown at [D:\src\AOSP-openjdk-cygwin\jdk8u\hotspot\src\share\vm\runtime\objectMonitor.cpp, line 1491]
Event: 4870.784 Thread 0x000000001b1fc800 Exception <a 'sun/nio/fs/WindowsException'> (0x00000000f0c98f08) thrown at [D:\src\AOSP-openjdk-cygwin\jdk8u\hotspot\src\share\vm\prims\jni.cpp, line 710]

Events (10 events):
Event: 5258.837 Executing VM operation: RevokeBias done
Event: 5258.876 Thread 0x000000001b201800 Thread added: 0x000000001b201800
Event: 5258.882 Thread 0x000000001b204800 Thread added: 0x000000001b204800
Event: 5259.154 Thread 0x00000000181e8800 Thread added: 0x00000000181e8800
Event: 5259.154 Thread 0x00000000181e7000 Thread added: 0x00000000181e7000
Event: 5259.155 Thread 0x00000000181e7800 Thread added: 0x00000000181e7800
Event: 5259.155 Thread 0x00000000181f0000 Thread added: 0x00000000181f0000
Event: 5259.188 Executing VM operation: RevokeBias
Event: 5259.189 Executing VM operation: RevokeBias done
Event: 5259.407 Thread 0x00000000181ec000 Thread added: 0x00000000181ec000


Dynamic libraries:
0x00007ff70acd0000 - 0x00007ff70ad01000 	C:\Program Files\Android\Android Studio\jre\bin\java.exe
0x00007ff994bc0000 - 0x00007ff994db0000 	C:\WINDOWS\SYSTEM32\ntdll.dll
0x00007ff9945a0000 - 0x00007ff994652000 	C:\WINDOWS\System32\KERNEL32.DLL
0x00007ff991c80000 - 0x00007ff991f25000 	C:\WINDOWS\System32\KERNELBASE.dll
0x00007ff994910000 - 0x00007ff9949b3000 	C:\WINDOWS\System32\ADVAPI32.dll
0x00007ff994350000 - 0x00007ff9943ee000 	C:\WINDOWS\System32\msvcrt.dll
0x00007ff9935e0000 - 0x00007ff993677000 	C:\WINDOWS\System32\sechost.dll
0x00007ff994660000 - 0x00007ff994780000 	C:\WINDOWS\System32\RPCRT4.dll
0x00007ff993310000 - 0x00007ff9934a4000 	C:\WINDOWS\System32\USER32.dll
0x00007ff991b30000 - 0x00007ff991b51000 	C:\WINDOWS\System32\win32u.dll
0x00007ff9935b0000 - 0x00007ff9935d6000 	C:\WINDOWS\System32\GDI32.dll
0x00007ff991f30000 - 0x00007ff9920c6000 	C:\WINDOWS\System32\gdi32full.dll
0x00007ff992120000 - 0x00007ff9921be000 	C:\WINDOWS\System32\msvcp_win.dll
0x00007ff991b80000 - 0x00007ff991c7a000 	C:\WINDOWS\System32\ucrtbase.dll
0x00007ff987940000 - 0x00007ff987bc4000 	C:\WINDOWS\WinSxS\amd64_microsoft.windows.common-controls_6595b64144ccf1df_6.0.18362.1256_none_9e7e379be45e40e2\COMCTL32.dll
0x00007ff993ff0000 - 0x00007ff994326000 	C:\WINDOWS\System32\combase.dll
0x00007ff9923c0000 - 0x00007ff992441000 	C:\WINDOWS\System32\bcryptPrimitives.dll
0x00007ff9934b0000 - 0x00007ff9934de000 	C:\WINDOWS\System32\IMM32.DLL
0x000000006d600000 - 0x000000006d6d2000 	C:\Program Files\Android\Android Studio\jre\jre\bin\msvcr100.dll
0x000000006d6e0000 - 0x000000006df26000 	C:\Program Files\Android\Android Studio\jre\jre\bin\server\jvm.dll
0x00007ff994340000 - 0x00007ff994348000 	C:\WINDOWS\System32\PSAPI.DLL
0x00007ff98e520000 - 0x00007ff98e529000 	C:\WINDOWS\SYSTEM32\WSOCK32.dll
0x00007ff993e20000 - 0x00007ff993e8f000 	C:\WINDOWS\System32\WS2_32.dll
0x00007ff98f990000 - 0x00007ff98f9b4000 	C:\WINDOWS\SYSTEM32\WINMM.dll
0x00007ff98b300000 - 0x00007ff98b30a000 	C:\WINDOWS\SYSTEM32\VERSION.dll
0x00007ff98f510000 - 0x00007ff98f53d000 	C:\WINDOWS\SYSTEM32\winmmbase.dll
0x00007ff9920d0000 - 0x00007ff99211a000 	C:\WINDOWS\System32\cfgmgr32.dll
0x00007ff98bc10000 - 0x00007ff98bc1f000 	C:\Program Files\Android\Android Studio\jre\jre\bin\verify.dll
0x00007ff9750a0000 - 0x00007ff9750c9000 	C:\Program Files\Android\Android Studio\jre\jre\bin\java.dll
0x00007ff975080000 - 0x00007ff975096000 	C:\Program Files\Android\Android Studio\jre\jre\bin\zip.dll
0x00007ff993730000 - 0x00007ff993e17000 	C:\WINDOWS\System32\SHELL32.dll
0x00007ff994780000 - 0x00007ff994829000 	C:\WINDOWS\System32\shcore.dll
0x00007ff992480000 - 0x00007ff992c01000 	C:\WINDOWS\System32\windows.storage.dll
0x00007ff991a90000 - 0x00007ff991ab3000 	C:\WINDOWS\System32\profapi.dll
0x00007ff991ae0000 - 0x00007ff991b2a000 	C:\WINDOWS\System32\powrprof.dll
0x00007ff991a60000 - 0x00007ff991a70000 	C:\WINDOWS\System32\UMPDC.dll
0x00007ff992e30000 - 0x00007ff992e82000 	C:\WINDOWS\System32\shlwapi.dll
0x00007ff991a70000 - 0x00007ff991a81000 	C:\WINDOWS\System32\kernel.appcore.dll
0x00007ff991b60000 - 0x00007ff991b77000 	C:\WINDOWS\System32\cryptsp.dll
0x00007ff974050000 - 0x00007ff97406a000 	C:\Program Files\Android\Android Studio\jre\jre\bin\net.dll
0x00007ff9912a0000 - 0x00007ff991307000 	C:\WINDOWS\system32\mswsock.dll
0x00007ff973fe0000 - 0x00007ff973ff1000 	C:\Program Files\Android\Android Studio\jre\jre\bin\nio.dll
0x00007ff985ab0000 - 0x00007ff985ad6000 	C:\Users\User\.gradle\native\29\windows-amd64\native-platform.dll
0x00007ff979960000 - 0x00007ff97996d000 	C:\Program Files\Android\Android Studio\jre\jre\bin\management.dll
0x00007ff990e20000 - 0x00007ff990e53000 	C:\WINDOWS\system32\rsaenh.dll
0x00007ff992450000 - 0x00007ff992476000 	C:\WINDOWS\System32\bcrypt.dll
0x00007ff991980000 - 0x00007ff9919a5000 	C:\WINDOWS\SYSTEM32\USERENV.dll
0x00007ff991480000 - 0x00007ff99148c000 	C:\WINDOWS\SYSTEM32\CRYPTBASE.dll
0x00007ff990fc0000 - 0x00007ff990ffa000 	C:\WINDOWS\SYSTEM32\IPHLPAPI.DLL
0x00007ff994330000 - 0x00007ff994338000 	C:\WINDOWS\System32\NSI.dll
0x00007ff98b990000 - 0x00007ff98b9a6000 	C:\WINDOWS\SYSTEM32\dhcpcsvc6.DLL
0x00007ff98b970000 - 0x00007ff98b98c000 	C:\WINDOWS\SYSTEM32\dhcpcsvc.DLL
0x00007ff991000000 - 0x00007ff9910cb000 	C:\WINDOWS\SYSTEM32\DNSAPI.dll
0x00007ff96fd60000 - 0x00007ff96fd84000 	C:\Program Files\Android\Android Studio\jre\jre\bin\sunec.dll
0x00007ff9888e0000 - 0x00007ff9888ea000 	C:\Windows\System32\rasadhlp.dll
0x00007ff98b790000 - 0x00007ff98b807000 	C:\WINDOWS\System32\fwpuclnt.dll
0x00007ff988e00000 - 0x00007ff988e0b000 	C:\Program Files\Android\Android Studio\jre\jre\bin\sunmscapi.dll
0x00007ff992270000 - 0x00007ff9923b9000 	C:\WINDOWS\System32\CRYPT32.dll
0x00007ff991ac0000 - 0x00007ff991ad2000 	C:\WINDOWS\System32\MSASN1.dll

VM Arguments:
jvm_args: -Xmx1536m -Dfile.encoding=windows-1252 -Duser.country=BR -Duser.language=pt -Duser.variant 
java_command: org.gradle.launcher.daemon.bootstrap.GradleDaemon 5.4.1
java_class_path (initial): C:\Users\User\.gradle\wrapper\dists\gradle-5.4.1-all\3221gyojl5jsh0helicew7rwx\gradle-5.4.1\lib\gradle-launcher-5.4.1.jar
Launcher Type: SUN_STANDARD

Environment Variables:
JAVA_HOME=C:\Program Files\Java\jdk-11.0.7
USERNAME=User
OS=Windows_NT
PROCESSOR_IDENTIFIER=Intel64 Family 6 Model 158 Stepping 9, GenuineIntel



---------------  S Y S T E M  ---------------

OS: Windows 10.0 , 64 bit Build 18362 (10.0.18362.1110)

CPU:total 4 (initial active 4) (2 cores per cpu, 2 threads per core) family 6 model 158 stepping 9, cmov, cx8, fxsr, mmx, sse, sse2, sse3, ssse3, sse4.1, sse4.2, popcnt, avx, avx2, aes, clmul, erms, 3dnowpref, lzcnt, ht, tsc, tscinvbit, bmi1, bmi2, adx

Memory: 4k page, physical 8254088k(470804k free), swap 8254088k(7408k free)

vm_info: OpenJDK 64-Bit Server VM (25.202-b03) for windows-amd64 JRE (1.8.0_202-release-1483-b03), built by "builder" with MS VC++ 10.0 (VS2010)

time: Wed Jan 20 11:22:12 2021
timezone: Hora oficial do Brasil
elapsed time: 5259 seconds (0d 1h 27m 39s)

