#
# There is insufficient memory for the Java Runtime Environment to continue.
# Native memory allocation (malloc) failed to allocate 32744 bytes for ChunkPool::allocate
# Possible reasons:
#   The system is out of physical RAM or swap space
#   The process is running with CompressedOops enabled, and the Java Heap may be blocking the growth of the native heap
# Possible solutions:
#   Reduce memory load on the system
#   Increase physical memory or swap space
#   Check if swap backing store is full
#   Decrease Java heap size (-Xmx/-Xms)
#   Decrease number of Java threads
#   Decrease Java thread stack sizes (-Xss)
#   Set larger code cache with -XX:ReservedCodeCacheSize=
#   JVM is running with Unscaled Compressed Oops mode in which the Java heap is
#     placed in the first 4GB address space. The Java Heap base address is the
#     maximum limit for the native heap growth. Please use -XX:HeapBaseMinAddress
#     to set the Java Heap base and to place the Java Heap above 4GB virtual address.
# This output file may be truncated or incomplete.
#
#  Out of Memory Error (allocation.cpp:272), pid=6668, tid=0x0000000000003734
#
# JRE version: OpenJDK Runtime Environment (8.0_202-b03) (build 1.8.0_202-release-1483-b03)
# Java VM: OpenJDK 64-Bit Server VM (25.202-b03 mixed mode windows-amd64 compressed oops)
# Failed to write core dump. Minidumps are not enabled by default on client versions of Windows
#

---------------  T H R E A D  ---------------

Current thread (0x0000000015ffe000):  JavaThread "C1 CompilerThread2" daemon [_thread_in_vm, id=14132, stack(0x0000000017840000,0x0000000017940000)]

Stack: [0x0000000017840000,0x0000000017940000]
[error occurred during error reporting (printing stack bounds), id 0xc0000005]

Native frames: (J=compiled Java code, j=interpreted, Vv=VM code, C=native code)


Current CompileTask:
C1:   7346 1401       1       org.gradle.launcher.daemon.server.exec.DaemonConnectionBackedEventConsumer::access$100 (5 bytes)


---------------  P R O C E S S  ---------------

Java Threads: ( => current thread )
  0x00000000189b3000 JavaThread "Cache worker for journal cache (C:\Users\User\.gradle\caches\journal-1)" [_thread_blocked, id=18320, stack(0x000000001abb0000,0x000000001acb0000)]
  0x00000000189b8000 JavaThread "File lock request listener" [_thread_in_native, id=7360, stack(0x000000001aab0000,0x000000001abb0000)]
  0x00000000189b3800 JavaThread "Cache worker for file hash cache (C:\Users\User\.gradle\caches\5.4.1\fileHashes)" [_thread_blocked, id=11660, stack(0x000000001a9b0000,0x000000001aab0000)]
  0x0000000018da8000 JavaThread "Thread-9" [_thread_blocked, id=9720, stack(0x000000001a8b0000,0x000000001a9b0000)]
  0x00000000184e1000 JavaThread "Stdin handler" [_thread_blocked, id=18576, stack(0x000000001a7b0000,0x000000001a8b0000)]
  0x00000000184df800 JavaThread "Asynchronous log dispatcher for DefaultDaemonConnection: socket connection from /127.0.0.1:59504 to /127.0.0.1:59505" [_thread_blocked, id=20864, stack(0x000000001a6b0000,0x000000001a7b0000)]
  0x000000001842e000 JavaThread "Daemon worker" [_thread_in_vm, id=1344, stack(0x000000001a5b0000,0x000000001a6b0000)]
  0x000000001842c800 JavaThread "Cancel handler" [_thread_blocked, id=19580, stack(0x000000001a4b0000,0x000000001a5b0000)]
  0x0000000019184000 JavaThread "Handler for socket connection from /127.0.0.1:59504 to /127.0.0.1:59505" [_thread_in_native, id=4972, stack(0x000000001a1b0000,0x000000001a2b0000)]
  0x000000001917f800 JavaThread "Daemon" [_thread_blocked, id=12836, stack(0x000000001a0b0000,0x000000001a1b0000)]
  0x0000000018000800 JavaThread "Daemon periodic checks" [_thread_blocked, id=6548, stack(0x0000000019fb0000,0x000000001a0b0000)]
  0x0000000018093000 JavaThread "Incoming local TCP Connector on port 59504" [_thread_in_native, id=11760, stack(0x0000000019d50000,0x0000000019e50000)]
  0x0000000019095000 JavaThread "Daemon health stats" [_thread_blocked, id=15964, stack(0x0000000019710000,0x0000000019810000)]
  0x0000000017971800 JavaThread "Service Thread" daemon [_thread_blocked, id=4532, stack(0x0000000017d40000,0x0000000017e40000)]
=>0x0000000015ffe000 JavaThread "C1 CompilerThread2" daemon [_thread_in_vm, id=14132, stack(0x0000000017840000,0x0000000017940000)]
  0x0000000015fe2800 JavaThread "C2 CompilerThread1" daemon [_thread_in_native, id=5156, stack(0x0000000017740000,0x0000000017840000)]
  0x0000000015fec800 JavaThread "C2 CompilerThread0" daemon [_thread_in_native, id=17068, stack(0x0000000017640000,0x0000000017740000)]
  0x0000000015fea800 JavaThread "Attach Listener" daemon [_thread_blocked, id=10096, stack(0x0000000017540000,0x0000000017640000)]
  0x0000000015fe9000 JavaThread "Signal Dispatcher" daemon [_thread_blocked, id=10968, stack(0x0000000017440000,0x0000000017540000)]
  0x000000000252d000 JavaThread "Finalizer" daemon [_thread_blocked, id=20352, stack(0x0000000017230000,0x0000000017330000)]
  0x0000000015fc9000 JavaThread "Reference Handler" daemon [_thread_blocked, id=2576, stack(0x0000000017130000,0x0000000017230000)]
  0x0000000002432800 JavaThread "main" [_thread_blocked, id=14548, stack(0x0000000000b60000,0x0000000000c60000)]

Other Threads:
  0x0000000015fa6000 VMThread [stack: 0x0000000017030000,0x0000000017130000] [id=16496]
  0x000000001603e800 WatcherThread [stack: 0x0000000017e40000,0x0000000017f40000] [id=12116]

VM state:not at safepoint (normal execution)

VM Mutex/Monitor currently owned by a thread: None

heap address: 0x00000000a0000000, size: 1536 MB, Compressed Oops mode: 32-bit
Narrow klass base: 0x0000000000000000, Narrow klass shift: 3
Compressed class space size: 1073741824 Address: 0x0000000100000000

Heap:
 PSYoungGen      total 37888K, used 16616K [0x00000000e0000000, 0x00000000e2a00000, 0x0000000100000000)
  eden space 32768K, 35% used [0x00000000e0000000,0x00000000e0b3e3d8,0x00000000e2000000)
  from space 5120K, 99% used [0x00000000e2000000,0x00000000e24fc010,0x00000000e2500000)
  to   space 5120K, 0% used [0x00000000e2500000,0x00000000e2500000,0x00000000e2a00000)
 ParOldGen       total 86016K, used 1803K [0x00000000a0000000, 0x00000000a5400000, 0x00000000e0000000)
  object space 86016K, 2% used [0x00000000a0000000,0x00000000a01c2f80,0x00000000a5400000)
 Metaspace       used 14254K, capacity 14662K, committed 14976K, reserved 1062912K
  class space    used 1989K, capacity 2089K, committed 2176K, reserved 1048576K

Card table byte_map: [0x0000000011b30000,0x0000000011e40000] byte_map_base: 0x0000000011630000

Marking Bits: (ParMarkBitMap*) 0x0000000067ad9f30
 Begin Bits: [0x0000000012340000, 0x0000000013b40000)
 End Bits:   [0x0000000013b40000, 0x0000000015340000)

Polling page: 0x0000000000670000

CodeCache: size=245760Kb used=4915Kb max_used=4915Kb free=240844Kb
 bounds [0x0000000002770000, 0x0000000002c40000, 0x0000000011770000]
 total_blobs=1746 nmethods=1365 adapters=294
 compilation: enabled

Compilation events (10 events):
Event: 7.013 Thread 0x0000000015ffe000 nmethod 1396 0x0000000002c3d1d0 code [0x0000000002c3d360, 0x0000000002c3d748]
Event: 7.140 Thread 0x0000000015ffe000 1397       3       java.util.concurrent.locks.ReentrantLock$Sync::nonfairTryAcquire (67 bytes)
Event: 7.141 Thread 0x0000000015ffe000 nmethod 1397 0x0000000002c3d8d0 code [0x0000000002c3da60, 0x0000000002c3e188]
Event: 7.184 Thread 0x0000000015ffe000 1398       3       java.util.concurrent.locks.LockSupport::setBlocker (12 bytes)
Event: 7.184 Thread 0x0000000015ffe000 nmethod 1398 0x0000000002c39490 code [0x0000000002c395e0, 0x0000000002c39730]
Event: 7.188 Thread 0x0000000015ffe000 1399       3       java.util.concurrent.locks.ReentrantLock$NonfairSync::tryAcquire (6 bytes)
Event: 7.188 Thread 0x0000000015ffe000 nmethod 1399 0x0000000002c3e310 code [0x0000000002c3e480, 0x0000000002c3e688]
Event: 7.209 Thread 0x0000000015ffe000 1400       3       java.util.concurrent.locks.AbstractQueuedSynchronizer::isOnSyncQueue (33 bytes)
Event: 7.209 Thread 0x0000000015ffe000 nmethod 1400 0x0000000002c3e710 code [0x0000000002c3e880, 0x0000000002c3ec10]
Event: 7.313 Thread 0x0000000015ffe000 1401       1       org.gradle.launcher.daemon.server.exec.DaemonConnectionBackedEventConsumer::access$100 (5 bytes)

GC Heap History (6 events):
Event: 2.598 GC heap before
{Heap before GC invocations=1 (full 0):
 PSYoungGen      total 37888K, used 32768K [0x00000000e0000000, 0x00000000e2a00000, 0x0000000100000000)
  eden space 32768K, 100% used [0x00000000e0000000,0x00000000e2000000,0x00000000e2000000)
  from space 5120K, 0% used [0x00000000e2500000,0x00000000e2500000,0x00000000e2a00000)
  to   space 5120K, 0% used [0x00000000e2000000,0x00000000e2000000,0x00000000e2500000)
 ParOldGen       total 86016K, used 0K [0x00000000a0000000, 0x00000000a5400000, 0x00000000e0000000)
  object space 86016K, 0% used [0x00000000a0000000,0x00000000a0000000,0x00000000a5400000)
 Metaspace       used 6974K, capacity 7248K, committed 7424K, reserved 1056768K
  class space    used 852K, capacity 912K, committed 1024K, reserved 1048576K
Event: 2.605 GC heap after
Heap after GC invocations=1 (full 0):
 PSYoungGen      total 37888K, used 4237K [0x00000000e0000000, 0x00000000e2a00000, 0x0000000100000000)
  eden space 32768K, 0% used [0x00000000e0000000,0x00000000e0000000,0x00000000e2000000)
  from space 5120K, 82% used [0x00000000e2000000,0x00000000e24234d8,0x00000000e2500000)
  to   space 5120K, 0% used [0x00000000e2500000,0x00000000e2500000,0x00000000e2a00000)
 ParOldGen       total 86016K, used 8K [0x00000000a0000000, 0x00000000a5400000, 0x00000000e0000000)
  object space 86016K, 0% used [0x00000000a0000000,0x00000000a0002000,0x00000000a5400000)
 Metaspace       used 6974K, capacity 7248K, committed 7424K, reserved 1056768K
  class space    used 852K, capacity 912K, committed 1024K, reserved 1048576K
}
Event: 4.296 GC heap before
{Heap before GC invocations=2 (full 0):
 PSYoungGen      total 37888K, used 37005K [0x00000000e0000000, 0x00000000e2a00000, 0x0000000100000000)
  eden space 32768K, 100% used [0x00000000e0000000,0x00000000e2000000,0x00000000e2000000)
  from space 5120K, 82% used [0x00000000e2000000,0x00000000e24234d8,0x00000000e2500000)
  to   space 5120K, 0% used [0x00000000e2500000,0x00000000e2500000,0x00000000e2a00000)
 ParOldGen       total 86016K, used 8K [0x00000000a0000000, 0x00000000a5400000, 0x00000000e0000000)
  object space 86016K, 0% used [0x00000000a0000000,0x00000000a0002000,0x00000000a5400000)
 Metaspace       used 8725K, capacity 8938K, committed 9216K, reserved 1056768K
  class space    used 1129K, capacity 1177K, committed 1280K, reserved 1048576K
Event: 4.320 GC heap after
Heap after GC invocations=2 (full 0):
 PSYoungGen      total 37888K, used 4417K [0x00000000e0000000, 0x00000000e2a00000, 0x0000000100000000)
  eden space 32768K, 0% used [0x00000000e0000000,0x00000000e0000000,0x00000000e2000000)
  from space 5120K, 86% used [0x00000000e2500000,0x00000000e29505a8,0x00000000e2a00000)
  to   space 5120K, 0% used [0x00000000e2000000,0x00000000e2000000,0x00000000e2500000)
 ParOldGen       total 86016K, used 16K [0x00000000a0000000, 0x00000000a5400000, 0x00000000e0000000)
  object space 86016K, 0% used [0x00000000a0000000,0x00000000a0004000,0x00000000a5400000)
 Metaspace       used 8725K, capacity 8938K, committed 9216K, reserved 1056768K
  class space    used 1129K, capacity 1177K, committed 1280K, reserved 1048576K
}
Event: 6.378 GC heap before
{Heap before GC invocations=3 (full 0):
 PSYoungGen      total 37888K, used 37185K [0x00000000e0000000, 0x00000000e2a00000, 0x0000000100000000)
  eden space 32768K, 100% used [0x00000000e0000000,0x00000000e2000000,0x00000000e2000000)
  from space 5120K, 86% used [0x00000000e2500000,0x00000000e29505a8,0x00000000e2a00000)
  to   space 5120K, 0% used [0x00000000e2000000,0x00000000e2000000,0x00000000e2500000)
 ParOldGen       total 86016K, used 16K [0x00000000a0000000, 0x00000000a5400000, 0x00000000e0000000)
  object space 86016K, 0% used [0x00000000a0000000,0x00000000a0004000,0x00000000a5400000)
 Metaspace       used 13282K, capacity 13636K, committed 13824K, reserved 1060864K
  class space    used 1831K, capacity 1960K, committed 2048K, reserved 1048576K
Event: 6.388 GC heap after
Heap after GC invocations=3 (full 0):
 PSYoungGen      total 37888K, used 5104K [0x00000000e0000000, 0x00000000e2a00000, 0x0000000100000000)
  eden space 32768K, 0% used [0x00000000e0000000,0x00000000e0000000,0x00000000e2000000)
  from space 5120K, 99% used [0x00000000e2000000,0x00000000e24fc010,0x00000000e2500000)
  to   space 5120K, 0% used [0x00000000e2500000,0x00000000e2500000,0x00000000e2a00000)
 ParOldGen       total 86016K, used 1803K [0x00000000a0000000, 0x00000000a5400000, 0x00000000e0000000)
  object space 86016K, 2% used [0x00000000a0000000,0x00000000a01c2f80,0x00000000a5400000)
 Metaspace       used 13282K, capacity 13636K, committed 13824K, reserved 1060864K
  class space    used 1831K, capacity 1960K, committed 2048K, reserved 1048576K
}

Deoptimization events (10 events):
Event: 4.867 Thread 0x0000000002432800 Uncommon trap: reason=unstable_if action=reinterpret pc=0x0000000002aa85a4 method=java.io.WinNTFileSystem.normalize(Ljava/lang/String;II)Ljava/lang/String; @ 90
Event: 5.433 Thread 0x0000000019184000 Uncommon trap: reason=unstable_if action=reinterpret pc=0x0000000002b4ba70 method=java.util.concurrent.ConcurrentHashMap.putVal(Ljava/lang/Object;Ljava/lang/Object;Z)Ljava/lang/Object; @ 206
Event: 5.557 Thread 0x000000001842e000 Uncommon trap: reason=bimorphic action=maybe_recompile pc=0x00000000029f0e94 method=java.util.HashMap.putVal(ILjava/lang/Object;Ljava/lang/Object;ZZ)Ljava/lang/Object; @ 253
Event: 5.558 Thread 0x000000001842e000 Uncommon trap: reason=bimorphic action=maybe_recompile pc=0x00000000029f0e94 method=java.util.HashMap.putVal(ILjava/lang/Object;Ljava/lang/Object;ZZ)Ljava/lang/Object; @ 253
Event: 5.558 Thread 0x000000001842e000 Uncommon trap: reason=bimorphic action=maybe_recompile pc=0x00000000029f0e94 method=java.util.HashMap.putVal(ILjava/lang/Object;Ljava/lang/Object;ZZ)Ljava/lang/Object; @ 253
Event: 5.558 Thread 0x000000001842e000 Uncommon trap: reason=bimorphic action=maybe_recompile pc=0x00000000029ec160 method=java.util.HashMap.putVal(ILjava/lang/Object;Ljava/lang/Object;ZZ)Ljava/lang/Object; @ 253
Event: 6.403 Thread 0x000000001842e000 Uncommon trap: reason=class_check action=maybe_recompile pc=0x0000000002a4c444 method=java.util.regex.Matcher.match(II)Z @ 86
Event: 6.442 Thread 0x000000001842e000 Uncommon trap: reason=class_check action=maybe_recompile pc=0x0000000002a4c444 method=java.util.regex.Matcher.match(II)Z @ 86
Event: 6.443 Thread 0x000000001842e000 Uncommon trap: reason=class_check action=maybe_recompile pc=0x0000000002a4c444 method=java.util.regex.Matcher.match(II)Z @ 86
Event: 6.443 Thread 0x000000001842e000 Uncommon trap: reason=class_check action=maybe_recompile pc=0x0000000002a0e7e0 method=java.util.regex.Matcher.match(II)Z @ 86

Classes redefined (0 events):
No events

Internal exceptions (10 events):
Event: 4.353 Thread 0x0000000002432800 Exception <a 'java/lang/NoSuchFieldError': method resolution failed> (0x00000000e00c6320) thrown at [D:\src\AOSP-openjdk-cygwin\jdk8u\hotspot\src\share\vm\prims\methodHandles.cpp, line 1167]
Event: 4.358 Thread 0x0000000002432800 Exception <a 'java/lang/NoSuchFieldError': method resolution failed> (0x00000000e00d3ff0) thrown at [D:\src\AOSP-openjdk-cygwin\jdk8u\hotspot\src\share\vm\prims\methodHandles.cpp, line 1167]
Event: 5.350 Thread 0x0000000002432800 Exception <a 'java/io/IOException'> (0x00000000e0852268) thrown at [D:\src\AOSP-openjdk-cygwin\jdk8u\hotspot\src\share\vm\prims\jni.cpp, line 710]
Event: 5.433 Thread 0x0000000019184000 Exception <a 'java/lang/NoSuchMethodError': <clinit>> (0x00000000e0a4f208) thrown at [D:\src\AOSP-openjdk-cygwin\jdk8u\hotspot\src\share\vm\prims\jni.cpp, line 1614]
Event: 5.434 Thread 0x0000000019184000 Exception <a 'java/lang/NoSuchMethodError': <clinit>> (0x00000000e0a58fb8) thrown at [D:\src\AOSP-openjdk-cygwin\jdk8u\hotspot\src\share\vm\prims\jni.cpp, line 1614]
Event: 5.438 Thread 0x0000000019184000 Exception <a 'java/lang/NoSuchMethodError': <clinit>> (0x00000000e0a6d158) thrown at [D:\src\AOSP-openjdk-cygwin\jdk8u\hotspot\src\share\vm\prims\jni.cpp, line 1614]
Event: 5.454 Thread 0x0000000019184000 Exception <a 'java/lang/NoSuchMethodError': <clinit>> (0x00000000e0ac8050) thrown at [D:\src\AOSP-openjdk-cygwin\jdk8u\hotspot\src\share\vm\prims\jni.cpp, line 1614]
Event: 5.461 Thread 0x0000000019184000 Exception <a 'java/lang/NoSuchMethodError': <clinit>> (0x00000000e0affb88) thrown at [D:\src\AOSP-openjdk-cygwin\jdk8u\hotspot\src\share\vm\prims\jni.cpp, line 1614]
Event: 5.470 Thread 0x0000000019184000 Exception <a 'java/lang/NoSuchMethodError': <clinit>> (0x00000000e0b35c70) thrown at [D:\src\AOSP-openjdk-cygwin\jdk8u\hotspot\src\share\vm\prims\jni.cpp, line 1614]
Event: 5.471 Thread 0x0000000019184000 Exception <a 'java/lang/NoSuchMethodError': <clinit>> (0x00000000e0b416e8) thrown at [D:\src\AOSP-openjdk-cygwin\jdk8u\hotspot\src\share\vm\prims\jni.cpp, line 1614]

Events (10 events):
Event: 7.261 loading class org/gradle/internal/resolve/resolver/ArtifactResolver
Event: 7.261 loading class org/gradle/internal/resolve/resolver/ArtifactResolver done
Event: 7.262 loading class org/gradle/internal/resolve/resolver/OriginArtifactSelector
Event: 7.262 loading class org/gradle/internal/resolve/resolver/OriginArtifactSelector done
Event: 7.262 loading class org/gradle/api/internal/artifacts/ivyservice/ivyresolve/ComponentResolvers
Event: 7.262 loading class org/gradle/api/internal/artifacts/ivyservice/ivyresolve/ComponentResolvers done
Event: 7.288 loading class org/gradle/api/internal/artifacts/ivyservice/resolveengine/excludes/ModuleExclusions
Event: 7.288 loading class org/gradle/api/internal/artifacts/ivyservice/resolveengine/excludes/ModuleExclusions done
Event: 7.310 loading class org/gradle/internal/resolve/caching/ComponentMetadataSupplierRuleExecutor
Event: 7.310 loading class org/gradle/internal/resolve/caching/ComponentMetadataSupplierRuleExecutor done


Dynamic libraries:
0x00007ff793830000 - 0x00007ff793861000 	C:\Program Files\Android\Android Studio\jre\bin\java.exe
0x00007ffab4ba0000 - 0x00007ffab4d90000 	C:\WINDOWS\SYSTEM32\ntdll.dll
0x00007ffab2dd0000 - 0x00007ffab2e82000 	C:\WINDOWS\System32\KERNEL32.DLL
0x00007ffab1ce0000 - 0x00007ffab1f85000 	C:\WINDOWS\System32\KERNELBASE.dll
0x00007ffab38e0000 - 0x00007ffab3983000 	C:\WINDOWS\System32\ADVAPI32.dll
0x00007ffab2e90000 - 0x00007ffab2f2e000 	C:\WINDOWS\System32\msvcrt.dll
0x00007ffab2d30000 - 0x00007ffab2dc7000 	C:\WINDOWS\System32\sechost.dll
0x00007ffab33a0000 - 0x00007ffab34bf000 	C:\WINDOWS\System32\RPCRT4.dll
0x00007ffab3690000 - 0x00007ffab3824000 	C:\WINDOWS\System32\USER32.dll
0x00007ffab2c20000 - 0x00007ffab2c41000 	C:\WINDOWS\System32\win32u.dll
0x00007ffab3850000 - 0x00007ffab3876000 	C:\WINDOWS\System32\GDI32.dll
0x00007ffab2930000 - 0x00007ffab2ac8000 	C:\WINDOWS\System32\gdi32full.dll
0x00007ffab1c40000 - 0x00007ffab1cde000 	C:\WINDOWS\System32\msvcp_win.dll
0x00007ffab1b20000 - 0x00007ffab1c1a000 	C:\WINDOWS\System32\ucrtbase.dll
0x00007ffaa0d30000 - 0x00007ffaa0fb4000 	C:\WINDOWS\WinSxS\amd64_microsoft.windows.common-controls_6595b64144ccf1df_6.0.18362.1316_none_9e7a364fe461dbd7\COMCTL32.dll
0x00007ffab3b40000 - 0x00007ffab3e77000 	C:\WINDOWS\System32\combase.dll
0x00007ffab2040000 - 0x00007ffab20c1000 	C:\WINDOWS\System32\bcryptPrimitives.dll
0x00007ffab3590000 - 0x00007ffab35be000 	C:\WINDOWS\System32\IMM32.DLL
0x0000000067230000 - 0x0000000067302000 	C:\Program Files\Android\Android Studio\jre\jre\bin\msvcr100.dll
0x0000000067310000 - 0x0000000067b56000 	C:\Program Files\Android\Android Studio\jre\jre\bin\server\jvm.dll
0x00007ffab3830000 - 0x00007ffab3838000 	C:\WINDOWS\System32\PSAPI.DLL
0x00007ffab0530000 - 0x00007ffab053a000 	C:\WINDOWS\SYSTEM32\VERSION.dll
0x00007ffab05c0000 - 0x00007ffab05c9000 	C:\WINDOWS\SYSTEM32\WSOCK32.dll
0x00007ffaaf790000 - 0x00007ffaaf7b4000 	C:\WINDOWS\SYSTEM32\WINMM.dll
0x00007ffab3ad0000 - 0x00007ffab3b3f000 	C:\WINDOWS\System32\WS2_32.dll
0x00007ffaaf760000 - 0x00007ffaaf78d000 	C:\WINDOWS\SYSTEM32\winmmbase.dll
0x00007ffab28e0000 - 0x00007ffab292a000 	C:\WINDOWS\System32\cfgmgr32.dll
0x00007ffaafa70000 - 0x00007ffaafa7f000 	C:\Program Files\Android\Android Studio\jre\jre\bin\verify.dll
0x00007ffa96ca0000 - 0x00007ffa96cc9000 	C:\Program Files\Android\Android Studio\jre\jre\bin\java.dll
0x00007ffaa10c0000 - 0x00007ffaa10d6000 	C:\Program Files\Android\Android Studio\jre\jre\bin\zip.dll
0x00007ffab4120000 - 0x00007ffab4808000 	C:\WINDOWS\System32\SHELL32.dll
0x00007ffab4a30000 - 0x00007ffab4ad7000 	C:\WINDOWS\System32\shcore.dll
0x00007ffab2130000 - 0x00007ffab28ab000 	C:\WINDOWS\System32\windows.storage.dll
0x00007ffab1a80000 - 0x00007ffab1aa3000 	C:\WINDOWS\System32\profapi.dll
0x00007ffab1ab0000 - 0x00007ffab1afa000 	C:\WINDOWS\System32\powrprof.dll
0x00007ffab1a50000 - 0x00007ffab1a60000 	C:\WINDOWS\System32\UMPDC.dll
0x00007ffab2c50000 - 0x00007ffab2ca2000 	C:\WINDOWS\System32\shlwapi.dll
0x00007ffab1a60000 - 0x00007ffab1a71000 	C:\WINDOWS\System32\kernel.appcore.dll
0x00007ffab1c20000 - 0x00007ffab1c37000 	C:\WINDOWS\System32\cryptsp.dll
0x00007ffa919e0000 - 0x00007ffa919fa000 	C:\Program Files\Android\Android Studio\jre\jre\bin\net.dll
0x00007ffab1230000 - 0x00007ffab1297000 	C:\WINDOWS\system32\mswsock.dll
0x00007ffa8e310000 - 0x00007ffa8e321000 	C:\Program Files\Android\Android Studio\jre\jre\bin\nio.dll
0x00007ffa96ce0000 - 0x00007ffa96d06000 	C:\Users\User\.gradle\native\29\windows-amd64\native-platform.dll
0x00007ffaa03b0000 - 0x00007ffaa03bd000 	C:\Program Files\Android\Android Studio\jre\jre\bin\management.dll
0x00007ffab0db0000 - 0x00007ffab0de3000 	C:\WINDOWS\system32\rsaenh.dll
0x00007ffab28b0000 - 0x00007ffab28d6000 	C:\WINDOWS\System32\bcrypt.dll
0x00007ffab1970000 - 0x00007ffab1995000 	C:\WINDOWS\SYSTEM32\USERENV.dll
0x00007ffab1400000 - 0x00007ffab140c000 	C:\WINDOWS\SYSTEM32\CRYPTBASE.dll
0x00007ffab0f40000 - 0x00007ffab0f7a000 	C:\WINDOWS\SYSTEM32\IPHLPAPI.DLL
0x00007ffab3840000 - 0x00007ffab3848000 	C:\WINDOWS\System32\NSI.dll
0x00007ffaac890000 - 0x00007ffaac8a6000 	C:\WINDOWS\SYSTEM32\dhcpcsvc6.DLL
0x00007ffaac870000 - 0x00007ffaac88c000 	C:\WINDOWS\SYSTEM32\dhcpcsvc.DLL
0x00007ffab0f80000 - 0x00007ffab104b000 	C:\WINDOWS\SYSTEM32\DNSAPI.dll

VM Arguments:
jvm_args: -Xmx1536m -Dfile.encoding=windows-1252 -Duser.country=BR -Duser.language=pt -Duser.variant 
java_command: org.gradle.launcher.daemon.bootstrap.GradleDaemon 5.4.1
java_class_path (initial): C:\Users\User\.gradle\wrapper\dists\gradle-5.4.1-all\3221gyojl5jsh0helicew7rwx\gradle-5.4.1\lib\gradle-launcher-5.4.1.jar
Launcher Type: SUN_STANDARD

Environment Variables:
JAVA_HOME=C:\Program Files\Java\jdk-11.0.7
USERNAME=User
OS=Windows_NT
PROCESSOR_IDENTIFIER=Intel64 Family 6 Model 158 Stepping 9, GenuineIntel



---------------  S Y S T E M  ---------------

OS: Windows 10.0 , 64 bit Build 18362 (10.0.18362.1316)

CPU:total 4 (initial active 4) (2 cores per cpu, 2 threads per core) family 6 model 158 stepping 9, cmov, cx8, fxsr, mmx, sse, sse2, sse3, ssse3, sse4.1, sse4.2, popcnt, avx, avx2, aes, clmul, erms, 3dnowpref, lzcnt, ht, tsc, tscinvbit, bmi1, bmi2, adx

Memory: 4k page, physical 8254088k(1234668k free), swap 8254088k(1552k free)

vm_info: OpenJDK 64-Bit Server VM (25.202-b03) for windows-amd64 JRE (1.8.0_202-release-1483-b03), built by "builder" with MS VC++ 10.0 (VS2010)

time: Fri Jan 29 15:10:04 2021
timezone: Hora oficial do Brasil
elapsed time: 7 seconds (0d 0h 0m 7s)

